<?xml version="1.0" encoding="utf-8"?><testsuites name="pytest tests"><testsuite name="pytest" errors="0" failures="0" skipped="0" tests="11" time="28.261" timestamp="2026-06-03T13:11:01.935260+00:00" hostname="agent-env-d00b3f19-762f-4125-ba0a-995dfa08560f"><testcase classname="backend.tests.test_capture.TestCaptureSettings" name="test_get_settings" time="0.874" /><testcase classname="backend.tests.test_capture.TestCaptureSettings" name="test_patch_settings_persists" time="0.706" /><testcase classname="backend.tests.test_capture.TestCaptureSessions" name="test_create_session_requires_consent" time="0.382" /><testcase classname="backend.tests.test_capture.TestCaptureSessions" name="test_create_session_ok" time="0.461" /><testcase classname="backend.tests.test_capture.TestCaptureSessions" name="test_private_mode_blocks_session_creation" time="0.582" /><testcase classname="backend.tests.test_capture.TestCaptureSessions" name="test_add_note_and_status_transitions" time="0.660" /><testcase classname="backend.tests.test_capture.TestCaptureProcess" name="test_process_transcript_divides_events" time="7.704" /><testcase classname="backend.tests.test_capture.TestCaptureProcess" name="test_process_empty_transcript_rejected" time="0.448" /><testcase classname="backend.tests.test_capture.TestMeetingMode" name="test_meeting_summary" time="11.586" /><testcase classname="backend.tests.test_capture.TestPrivacyReview" name="test_review_list" time="0.309" /><testcase classname="backend.tests.test_capture.TestPrivacyReview" name="test_review_action_resolves" time="4.482" /></testsuite></testsuites>