<?xml version="1.0" encoding="utf-8"?><testsuites name="pytest tests"><testsuite name="pytest" errors="0" failures="0" skipped="0" tests="36" time="36.179" timestamp="2026-06-03T13:11:34.806442+00:00" hostname="agent-env-d00b3f19-762f-4125-ba0a-995dfa08560f"><testcase classname="backend.tests.backend_test.TestAuth" name="test_login_admin" time="0.371" /><testcase classname="backend.tests.backend_test.TestAuth" name="test_login_patient" time="0.338" /><testcase classname="backend.tests.backend_test.TestAuth" name="test_login_caregiver" time="0.373" /><testcase classname="backend.tests.backend_test.TestAuth" name="test_login_invalid" time="0.345" /><testcase classname="backend.tests.backend_test.TestAuth" name="test_me_bearer" time="0.454" /><testcase classname="backend.tests.backend_test.TestAuth" name="test_me_no_token" time="0.093" /><testcase classname="backend.tests.backend_test.TestAuth" name="test_register_patient" time="0.331" /><testcase classname="backend.tests.backend_test.TestAuth" name="test_register_caregiver_with_patient_info" time="0.458" /><testcase classname="backend.tests.backend_test.TestAuth" name="test_register_duplicate" time="0.102" /><testcase classname="backend.tests.backend_test.TestPatientProfile" name="test_patient_profile" time="0.178" /><testcase classname="backend.tests.backend_test.TestPatientProfile" name="test_patient_overview" time="0.115" /><testcase classname="backend.tests.backend_test.TestMemoriesAI" name="test_create_memory_with_ai_extraction" time="6.333" /><testcase classname="backend.tests.backend_test.TestMemoriesAI" name="test_list_memories_today_flag" time="0.106" /><testcase classname="backend.tests.backend_test.TestMemoriesAI" name="test_empty_transcript_rejected" time="0.098" /><testcase classname="backend.tests.backend_test.TestReminders" name="test_list_reminders_seeded" time="0.117" /><testcase classname="backend.tests.backend_test.TestReminders" name="test_create_update_delete_reminder" time="0.361" /><testcase classname="backend.tests.backend_test.TestMedications" name="test_patient_cannot_create_medication" time="0.115" /><testcase classname="backend.tests.backend_test.TestMedications" name="test_caregiver_can_create_medication" time="0.544" /><testcase classname="backend.tests.backend_test.TestMedications" name="test_list_medications" time="0.110" /><testcase classname="backend.tests.backend_test.TestAppointments" name="test_patient_cannot_create_appointment" time="0.098" /><testcase classname="backend.tests.backend_test.TestAppointments" name="test_caregiver_create_appointment" time="0.241" /><testcase classname="backend.tests.backend_test.TestPeople" name="test_list_people" time="0.110" /><testcase classname="backend.tests.backend_test.TestPeople" name="test_create_explain_delete_person" time="3.049" /><testcase classname="backend.tests.backend_test.TestPlaces" name="test_list_places" time="0.129" /><testcase classname="backend.tests.backend_test.TestNotesAndAlerts" name="test_patient_cannot_create_note" time="0.089" /><testcase classname="backend.tests.backend_test.TestNotesAndAlerts" name="test_caregiver_create_note" time="0.210" /><testcase classname="backend.tests.backend_test.TestNotesAndAlerts" name="test_alert_create_and_resolve" time="0.211" /><testcase classname="backend.tests.backend_test.TestAIChatAndSummaries" name="test_chat_send" time="8.818" /><testcase classname="backend.tests.backend_test.TestAIChatAndSummaries" name="test_today_summary" time="0.157" /><testcase classname="backend.tests.backend_test.TestAIChatAndSummaries" name="test_caregiver_summary_rbac" time="0.133" /><testcase classname="backend.tests.backend_test.TestAIChatAndSummaries" name="test_caregiver_summary" time="10.419" /><testcase classname="backend.tests.backend_test.TestAdmin" name="test_non_admin_blocked" time="0.140" /><testcase classname="backend.tests.backend_test.TestAdmin" name="test_admin_stats" time="0.478" /><testcase classname="backend.tests.backend_test.TestAdmin" name="test_admin_users_and_update" time="0.310" /><testcase classname="backend.tests.backend_test.TestAdmin" name="test_admin_logs" time="0.119" /><testcase classname="backend.tests.backend_test.TestAdmin" name="test_admin_collection" time="0.445" /></testsuite></testsuites>